<?xml version="1.0" encoding="UTF-8"?>
<testng-results ignored="0" total="4" passed="4" failed="0" skipped="0">
  <reporter-output>
  </reporter-output>
  <suite started-at="2024-10-05T03:45:39 IST" name="TestSuite" finished-at="2024-10-05T03:47:21 IST" duration-ms="101837">
    <groups>
    </groups>
    <test started-at="2024-10-05T03:45:39 IST" name="RequirementTest" finished-at="2024-10-05T03:47:21 IST" duration-ms="101837">
      <class name="TestGroup.Tests.LoginWithCorrectCreds">
        <test-method is-config="true" signature="goToWebsite()[pri:0, instance:TestGroup.Tests.LoginWithCorrectCreds@793f29ff]" started-at="2024-10-05T03:46:17 IST" name="goToWebsite" finished-at="2024-10-05T03:46:28 IST" duration-ms="11144" status="PASS">
          <reporter-output>
          </reporter-output>
        </test-method> <!-- goToWebsite -->
        <test-method signature="logOutUser()[pri:0, instance:TestGroup.Tests.LoginWithCorrectCreds@793f29ff]" started-at="2024-10-05T03:46:28 IST" name="logOutUser" finished-at="2024-10-05T03:46:42 IST" duration-ms="13946" status="PASS">
          <reporter-output>
          </reporter-output>
        </test-method> <!-- logOutUser -->
        <test-method is-config="true" signature="closeBrowser()[pri:0, instance:TestGroup.Tests.LoginWithCorrectCreds@793f29ff]" started-at="2024-10-05T03:46:42 IST" name="closeBrowser" finished-at="2024-10-05T03:46:42 IST" duration-ms="378" status="PASS">
          <reporter-output>
          </reporter-output>
        </test-method> <!-- closeBrowser -->
        <test-method is-config="true" signature="goToWebsite()[pri:0, instance:TestGroup.Tests.LoginWithCorrectCreds@793f29ff]" started-at="2024-10-05T03:46:42 IST" name="goToWebsite" finished-at="2024-10-05T03:46:53 IST" duration-ms="10339" status="PASS">
          <reporter-output>
          </reporter-output>
        </test-method> <!-- goToWebsite -->
        <test-method signature="verifyLoginWithCorrectCreds()[pri:0, instance:TestGroup.Tests.LoginWithCorrectCreds@793f29ff]" started-at="2024-10-05T03:46:53 IST" name="verifyLoginWithCorrectCreds" finished-at="2024-10-05T03:47:06 IST" duration-ms="13301" status="PASS">
          <reporter-output>
          </reporter-output>
        </test-method> <!-- verifyLoginWithCorrectCreds -->
        <test-method is-config="true" signature="closeBrowser()[pri:0, instance:TestGroup.Tests.LoginWithCorrectCreds@793f29ff]" started-at="2024-10-05T03:47:06 IST" name="closeBrowser" finished-at="2024-10-05T03:47:06 IST" duration-ms="415" status="PASS">
          <reporter-output>
          </reporter-output>
        </test-method> <!-- closeBrowser -->
      </class> <!-- TestGroup.Tests.LoginWithCorrectCreds -->
      <class name="TestGroup.Tests.RegisterAndDeleteUser">
        <test-method is-config="true" signature="goToWebsite()[pri:0, instance:TestGroup.Tests.RegisterAndDeleteUser@f09733f]" started-at="2024-10-05T03:45:39 IST" name="goToWebsite" finished-at="2024-10-05T03:45:53 IST" duration-ms="13486" status="PASS">
          <reporter-output>
          </reporter-output>
        </test-method> <!-- goToWebsite -->
        <test-method signature="RegisterAndDeleteUserTest()[pri:0, instance:TestGroup.Tests.RegisterAndDeleteUser@f09733f]" started-at="2024-10-05T03:45:53 IST" name="RegisterAndDeleteUserTest" finished-at="2024-10-05T03:46:16 IST" duration-ms="23482" status="PASS">
          <reporter-output>
          </reporter-output>
        </test-method> <!-- RegisterAndDeleteUserTest -->
        <test-method is-config="true" signature="closeBrowser()[pri:0, instance:TestGroup.Tests.RegisterAndDeleteUser@f09733f]" started-at="2024-10-05T03:46:16 IST" name="closeBrowser" finished-at="2024-10-05T03:46:17 IST" duration-ms="451" status="PASS">
          <reporter-output>
          </reporter-output>
        </test-method> <!-- closeBrowser -->
      </class> <!-- TestGroup.Tests.RegisterAndDeleteUser -->
      <class name="TestGroup.Tests.LoginWithIncorrectCreds">
        <test-method is-config="true" signature="goToWebsite()[pri:0, instance:TestGroup.Tests.LoginWithIncorrectCreds@3e8c3cb]" started-at="2024-10-05T03:47:06 IST" name="goToWebsite" finished-at="2024-10-05T03:47:16 IST" duration-ms="9972" status="PASS">
          <reporter-output>
          </reporter-output>
        </test-method> <!-- goToWebsite -->
        <test-method signature="loginWithIncorrectUserNameAndPassWord()[pri:0, instance:TestGroup.Tests.LoginWithIncorrectCreds@3e8c3cb]" started-at="2024-10-05T03:47:16 IST" name="loginWithIncorrectUserNameAndPassWord" finished-at="2024-10-05T03:47:21 IST" duration-ms="4516" status="PASS">
          <reporter-output>
          </reporter-output>
        </test-method> <!-- loginWithIncorrectUserNameAndPassWord -->
        <test-method is-config="true" signature="closeBrowser()[pri:0, instance:TestGroup.Tests.LoginWithIncorrectCreds@3e8c3cb]" started-at="2024-10-05T03:47:21 IST" name="closeBrowser" finished-at="2024-10-05T03:47:21 IST" duration-ms="360" status="PASS">
          <reporter-output>
          </reporter-output>
        </test-method> <!-- closeBrowser -->
      </class> <!-- TestGroup.Tests.LoginWithIncorrectCreds -->
    </test> <!-- RequirementTest -->
  </suite> <!-- TestSuite -->
</testng-results>
