<?xml version="1.0" encoding="UTF-8"?>
<!-- Generated by org.testng.reporters.JUnitXMLReporter -->
<testsuite ignored="0" hostname="ITT-MASINENI" failures="0" tests="4" name="RequirementTest" time="101.837" errors="0" timestamp="2024-10-05T03:47:21 IST">
  <testcase classname="TestGroup.Tests.RegisterAndDeleteUser" name="RegisterAndDeleteUserTest" time="23.482"/>
  <testcase classname="TestGroup.Tests.LoginWithCorrectCreds" name="logOutUser" time="13.946"/>
  <testcase classname="TestGroup.Tests.LoginWithCorrectCreds" name="verifyLoginWithCorrectCreds" time="13.301"/>
  <testcase classname="TestGroup.Tests.LoginWithIncorrectCreds" name="loginWithIncorrectUserNameAndPassWord" time="4.516"/>
</testsuite> <!-- RequirementTest -->
